<?xml version="1.0" encoding="UTF-8"?>
<!-- Generated by org.testng.reporters.JUnitReportReporter -->
<testsuite hostname="D-113064970" name="com.wipro.sfdc.test.TC_CreateNewLead" tests="1" failures="0" timestamp="8 Jun 2016 12:38:20 GMT" time="98.477" errors="0">
  <testcase name="Create_New_Lead" time="98.477" classname="com.wipro.sfdc.test.TC_CreateNewLead"/>
</testsuite> <!-- com.wipro.sfdc.test.TC_CreateNewLead -->
