<?xml version="1.0" encoding="UTF-8"?>
<!-- Generated by org.testng.reporters.JUnitReportReporter -->
<testsuite hostname="D-113064970" name="com.wipro.sfdc.test.TC_SalesForce" tests="1" failures="0" timestamp="8 Jun 2016 12:38:20 GMT" time="71.519" errors="0">
  <testcase name="Test_Sales_Force" time="71.519" classname="com.wipro.sfdc.test.TC_SalesForce"/>
</testsuite> <!-- com.wipro.sfdc.test.TC_SalesForce -->
