<?xml version="1.0" encoding="UTF-8"?>
<!-- Generated by org.testng.reporters.JUnitReportReporter -->
<testsuite skipped="0" hostname="Shahrukh" name="com.googleapis.details.TC001_GET_Request" tests="1" failures="0" timestamp="29 Jul 2020 05:14:04 GMT" time="6.708" errors="0">
  <testcase name="googleMapTest" time="6.708" classname="com.googleapis.details.TC001_GET_Request"/>
</testsuite> <!-- com.googleapis.details.TC001_GET_Request -->
